current directory: /Users/briley/Documents/workspace/dmp-hub-cfn/src/sam/layers/ruby/2.7.0/gems/mysql2-0.5.5/ext/mysql2
/Users/briley/.rbenv/versions/2.7.6/bin/ruby -I /Users/briley/.rbenv/versions/2.7.6/lib/ruby/2.7.0 -r ./siteconf20230403-82128-1lojr75.rb extconf.rb
checking for rb_absint_size()... yes
checking for rb_absint_singlebit_p()... yes
checking for rb_gc_mark_movable()... yes
checking for rb_wait_for_single_fd()... yes
checking for rb_enc_interned_str() in ruby.h... no
-----
Using --with-openssl-dir=/Users/briley/.rbenv/versions/2.7.6/openssl
-----
-----
Using mysql_config at /opt/homebrew/bin/mysql_config
-----
checking for mysql.h... yes
checking for errmsg.h... yes
checking for SSL_MODE_DISABLED in mysql.h... yes
checking for SSL_MODE_PREFERRED in mysql.h... yes
checking for SSL_MODE_REQUIRED in mysql.h... yes
checking for SSL_MODE_VERIFY_CA in mysql.h... yes
checking for SSL_MODE_VERIFY_IDENTITY in mysql.h... yes
checking for MYSQL.net.vio in mysql.h... yes
checking for MYSQL.net.pvio in mysql.h... no
checking for MYSQL_DEFAULT_AUTH in mysql.h... yes
checking for MYSQL_ENABLE_CLEARTEXT_PLUGIN in mysql.h... yes
checking for SERVER_QUERY_NO_GOOD_INDEX_USED in mysql.h... yes
checking for SERVER_QUERY_NO_INDEX_USED in mysql.h... yes
checking for SERVER_QUERY_WAS_SLOW in mysql.h... yes
checking for MYSQL_OPTION_MULTI_STATEMENTS_ON in mysql.h... yes
checking for MYSQL_OPTION_MULTI_STATEMENTS_OFF in mysql.h... yes
checking for my_bool in mysql.h... no
-----
Setting rpath to /opt/homebrew/Cellar/mysql/8.0.32/lib
-----
creating Makefile

current directory: /Users/briley/Documents/workspace/dmp-hub-cfn/src/sam/layers/ruby/2.7.0/gems/mysql2-0.5.5/ext/mysql2
make "DESTDIR=" clean

current directory: /Users/briley/Documents/workspace/dmp-hub-cfn/src/sam/layers/ruby/2.7.0/gems/mysql2-0.5.5/ext/mysql2
make "DESTDIR="
compiling client.c
compiling infile.c
compiling mysql2_ext.c
compiling result.c
compiling statement.c
linking shared-object mysql2/mysql2.bundle

current directory: /Users/briley/Documents/workspace/dmp-hub-cfn/src/sam/layers/ruby/2.7.0/gems/mysql2-0.5.5/ext/mysql2
make "DESTDIR=" install
/usr/bin/install -c -m 0755 mysql2.bundle ./.gem.20230403-82128-rkiq6t/mysql2
