current directory: /Users/briley/Documents/workspace/dmp-hub-cfn/src/sam/layers/ruby/2.7.0/gems/mysql2-0.3.18/ext/mysql2
/Users/briley/.rbenv/versions/2.7.6/bin/ruby -I /Users/briley/.rbenv/versions/2.7.6/lib/ruby/2.7.0 -r ./siteconf20230403-81901-56wgax.rb extconf.rb
checking for ruby/thread.h... yes
checking for rb_thread_call_without_gvl() in ruby/thread.h... yes
checking for rb_thread_blocking_region()... no
checking for rb_wait_for_single_fd()... yes
checking for rb_hash_dup()... yes
checking for rb_intern3()... yes
-----
Using mysql_config at /opt/homebrew/bin/mysql_config
-----
checking for mysql.h... yes
checking for errmsg.h... yes
checking for mysqld_error.h... yes
-----
Setting rpath to /opt/homebrew/Cellar/mysql/8.0.32/lib
-----
creating Makefile

current directory: /Users/briley/Documents/workspace/dmp-hub-cfn/src/sam/layers/ruby/2.7.0/gems/mysql2-0.3.18/ext/mysql2
make "DESTDIR=" clean

current directory: /Users/briley/Documents/workspace/dmp-hub-cfn/src/sam/layers/ruby/2.7.0/gems/mysql2-0.3.18/ext/mysql2
make "DESTDIR="
compiling client.c
client.c:431:3: error: use of undeclared identifier 'my_bool'
  my_bool res = mysql_read_query_result(client);
  ^
client.c:433:19: error: use of undeclared identifier 'res'
  return (void *)(res == 0 ? Qtrue : Qfalse);
                  ^
client.c:692:14: warning: incompatible function pointer types passing 'VALUE (void *)' (aka 'unsigned long (void *)') to parameter of type 'VALUE (*)(VALUE)' (aka 'unsigned long (*)(unsigned long)') [-Wincompatible-function-pointer-types]
  rb_rescue2(do_send_query, (VALUE)&args, disconnect_and_raise, self, rb_eException, (VALUE)0);
             ^~~~~~~~~~~~~
/Users/briley/.rbenv/versions/2.7.6/include/ruby-2.7.0/ruby/ruby.h:1990:25: note: passing argument to parameter here
VALUE rb_rescue2(VALUE(*)(VALUE),VALUE,VALUE(*)(VALUE,VALUE),VALUE,...);
                        ^
client.c:698:16: warning: incompatible function pointer types passing 'VALUE (void *)' (aka 'unsigned long (void *)') to parameter of type 'VALUE (*)(VALUE)' (aka 'unsigned long (*)(unsigned long)') [-Wincompatible-function-pointer-types]
    rb_rescue2(do_query, (VALUE)&async_args, disconnect_and_raise, self, rb_eException, (VALUE)0);
               ^~~~~~~~
/Users/briley/.rbenv/versions/2.7.6/include/ruby-2.7.0/ruby/ruby.h:1990:25: note: passing argument to parameter here
VALUE rb_rescue2(VALUE(*)(VALUE),VALUE,VALUE(*)(VALUE,VALUE),VALUE,...);
                        ^
client.c:762:3: error: use of undeclared identifier 'my_bool'
  my_bool boolval;
  ^
client.c:793:7: error: use of undeclared identifier 'boolval'
      boolval = (value == Qfalse ? 0 : 1);
      ^
client.c:794:17: error: use of undeclared identifier 'boolval'
      retval = &boolval;
                ^
client.c:797:10: error: use of undeclared identifier 'MYSQL_SECURE_AUTH'; did you mean 'MYSQL_DEFAULT_AUTH'?
    case MYSQL_SECURE_AUTH:
         ^~~~~~~~~~~~~~~~~
         MYSQL_DEFAULT_AUTH
/opt/homebrew/Cellar/mysql/8.0.32/include/mysql/mysql.h:187:3: note: 'MYSQL_DEFAULT_AUTH' declared here
  MYSQL_DEFAULT_AUTH,
  ^
client.c:798:7: error: use of undeclared identifier 'boolval'
      boolval = (value == Qfalse ? 0 : 1);
      ^
client.c:799:17: error: use of undeclared identifier 'boolval'
      retval = &boolval;
                ^
client.c:830:38: error: use of undeclared identifier 'boolval'
        wrapper->reconnect_enabled = boolval;
                                     ^
client.c:1196:38: error: use of undeclared identifier 'MYSQL_SECURE_AUTH'; did you mean 'MYSQL_DEFAULT_AUTH'?
  return _mysql_client_options(self, MYSQL_SECURE_AUTH, value);
                                     ^~~~~~~~~~~~~~~~~
                                     MYSQL_DEFAULT_AUTH
/opt/homebrew/Cellar/mysql/8.0.32/include/mysql/mysql.h:187:3: note: 'MYSQL_DEFAULT_AUTH' declared here
  MYSQL_DEFAULT_AUTH,
  ^
2 warnings and 10 errors generated.
make: *** [client.o] Error 1

make failed, exit code 2
